<?xml version="1.0" encoding="UTF-8"?>
<testsuite name="com.example.demofinantial.infrastructure.repositories.TransactionRepositoryTest" tests="5" skipped="0" failures="0" errors="0" timestamp="2023-05-02T13:44:15" hostname="ronan-System-Product-Name" time="0.87">
  <properties/>
  <testcase name="paginationOnePage()" classname="com.example.demofinantial.infrastructure.repositories.TransactionRepositoryTest" time="0.192"/>
  <testcase name="searchByCreatedAt()" classname="com.example.demofinantial.infrastructure.repositories.TransactionRepositoryTest" time="0.182"/>
  <testcase name="searchByAmount()" classname="com.example.demofinantial.infrastructure.repositories.TransactionRepositoryTest" time="0.174"/>
  <testcase name="searchByAmountAndCreatedAt()" classname="com.example.demofinantial.infrastructure.repositories.TransactionRepositoryTest" time="0.165"/>
  <testcase name="pagination()" classname="com.example.demofinantial.infrastructure.repositories.TransactionRepositoryTest" time="0.155"/>
  <system-out><![CDATA[2023-05-02T10:44:15.948-03:00  INFO 21372 --- [    Test worker] t.c.s.AnnotationConfigContextLoaderUtils : Could not detect default configuration classes for test class [com.example.demofinantial.infrastructure.repositories.TransactionRepositoryTest]: TransactionRepositoryTest does not declare any static, non-private, non-final, nested classes annotated with @Configuration.
2023-05-02T10:44:15.949-03:00  INFO 21372 --- [    Test worker] .b.t.c.SpringBootTestContextBootstrapper : Found @SpringBootConfiguration com.example.demofinantial.DemofinantialApplication for test class com.example.demofinantial.infrastructure.repositories.TransactionRepositoryTest
2023-05-02T10:44:15.951-03:00  INFO 21372 --- [    Test worker] j.LocalContainerEntityManagerFactoryBean : Closing JPA EntityManagerFactory for persistence unit 'default'
2023-05-02T10:44:15.951-03:00  INFO 21372 --- [    Test worker] .SchemaDropperImpl$DelayedDropActionImpl : HHH000477: Starting delayed evictData of schema as part of SessionFactory shut-down'
2023-05-02T10:44:15.952-03:00  INFO 21372 --- [    Test worker] com.zaxxer.hikari.HikariDataSource       : HikariPool-9 - Shutdown initiated...
2023-05-02T10:44:15.952-03:00  INFO 21372 --- [    Test worker] com.zaxxer.hikari.HikariDataSource       : HikariPool-9 - Shutdown completed.

  .   ____          _            __ _ _
 /\\ / ___'_ __ _ _(_)_ __  __ _ \ \ \ \
( ( )\___ | '_ | '_| | '_ \/ _` | \ \ \ \
 \\/  ___)| |_)| | | | | || (_| |  ) ) ) )
  '  |____| .__|_| |_|_| |_\__, | / / / /
 =========|_|==============|___/=/_/_/_/
 :: Spring Boot ::                (v3.0.6)

2023-05-02T10:44:15.961-03:00  INFO 21372 --- [    Test worker] c.e.d.i.r.TransactionRepositoryTest      : Starting TransactionRepositoryTest using Java 17.0.6 with PID 21372 (started by ronan in /home/ronan/projects/personal/demofinantial)
2023-05-02T10:44:15.961-03:00  INFO 21372 --- [    Test worker] c.e.d.i.r.TransactionRepositoryTest      : No active profile set, falling back to 1 default profile: "default"
2023-05-02T10:44:15.995-03:00  INFO 21372 --- [    Test worker] .s.d.r.c.RepositoryConfigurationDelegate : Bootstrapping Spring Data JPA repositories in DEFAULT mode.
2023-05-02T10:44:16.000-03:00  INFO 21372 --- [    Test worker] .s.d.r.c.RepositoryConfigurationDelegate : Finished Spring Data repository scanning in 4 ms. Found 3 JPA repository interfaces.
2023-05-02T10:44:16.021-03:00  INFO 21372 --- [    Test worker] o.hibernate.jpa.internal.util.LogHelper  : HHH000204: Processing PersistenceUnitInfo [name: default]
2023-05-02T10:44:16.023-03:00  INFO 21372 --- [    Test worker] com.zaxxer.hikari.HikariDataSource       : HikariPool-10 - Starting...
2023-05-02T10:44:16.024-03:00  INFO 21372 --- [    Test worker] com.zaxxer.hikari.pool.HikariPool        : HikariPool-10 - Added connection conn90: url=jdbc:h2:~/financial user=USER
2023-05-02T10:44:16.024-03:00  INFO 21372 --- [    Test worker] com.zaxxer.hikari.HikariDataSource       : HikariPool-10 - Start completed.
2023-05-02T10:44:16.024-03:00  INFO 21372 --- [    Test worker] SQL dialect                              : HHH000400: Using dialect: org.hibernate.dialect.H2Dialect
2023-05-02T10:44:16.045-03:00  INFO 21372 --- [    Test worker] o.h.e.t.j.p.i.JtaPlatformInitiator       : HHH000490: Using JtaPlatform implementation: [org.hibernate.engine.transaction.jta.platform.internal.NoJtaPlatform]
2023-05-02T10:44:16.045-03:00  INFO 21372 --- [    Test worker] j.LocalContainerEntityManagerFactoryBean : Initialized JPA EntityManagerFactory for persistence unit 'default'
2023-05-02T10:44:16.079-03:00  WARN 21372 --- [    Test worker] JpaBaseConfiguration$JpaWebConfiguration : spring.jpa.open-in-view is enabled by default. Therefore, database queries may be performed during view rendering. Explicitly configure spring.jpa.open-in-view to disable this warning
2023-05-02T10:44:16.105-03:00  INFO 21372 --- [    Test worker] o.s.b.a.h2.H2ConsoleAutoConfiguration    : H2 console available at '/h2'. Database available at 'jdbc:h2:~/financial'
2023-05-02T10:44:16.116-03:00  INFO 21372 --- [    Test worker] c.e.d.i.r.TransactionRepositoryTest      : Started TransactionRepositoryTest in 0.162 seconds (process running for 11.62)
2023-05-02T10:44:16.144-03:00  INFO 21372 --- [    Test worker] j.LocalContainerEntityManagerFactoryBean : Closing JPA EntityManagerFactory for persistence unit 'default'
2023-05-02T10:44:16.144-03:00  INFO 21372 --- [    Test worker] .SchemaDropperImpl$DelayedDropActionImpl : HHH000477: Starting delayed evictData of schema as part of SessionFactory shut-down'
2023-05-02T10:44:16.145-03:00  INFO 21372 --- [    Test worker] com.zaxxer.hikari.HikariDataSource       : HikariPool-10 - Shutdown initiated...
2023-05-02T10:44:16.156-03:00  INFO 21372 --- [    Test worker] com.zaxxer.hikari.HikariDataSource       : HikariPool-10 - Shutdown completed.

  .   ____          _            __ _ _
 /\\ / ___'_ __ _ _(_)_ __  __ _ \ \ \ \
( ( )\___ | '_ | '_| | '_ \/ _` | \ \ \ \
 \\/  ___)| |_)| | | | | || (_| |  ) ) ) )
  '  |____| .__|_| |_|_| |_\__, | / / / /
 =========|_|==============|___/=/_/_/_/
 :: Spring Boot ::                (v3.0.6)

2023-05-02T10:44:16.166-03:00  INFO 21372 --- [    Test worker] c.e.d.i.r.TransactionRepositoryTest      : Starting TransactionRepositoryTest using Java 17.0.6 with PID 21372 (started by ronan in /home/ronan/projects/personal/demofinantial)
2023-05-02T10:44:16.166-03:00  INFO 21372 --- [    Test worker] c.e.d.i.r.TransactionRepositoryTest      : No active profile set, falling back to 1 default profile: "default"
2023-05-02T10:44:16.201-03:00  INFO 21372 --- [    Test worker] .s.d.r.c.RepositoryConfigurationDelegate : Bootstrapping Spring Data JPA repositories in DEFAULT mode.
2023-05-02T10:44:16.206-03:00  INFO 21372 --- [    Test worker] .s.d.r.c.RepositoryConfigurationDelegate : Finished Spring Data repository scanning in 4 ms. Found 3 JPA repository interfaces.
2023-05-02T10:44:16.228-03:00  INFO 21372 --- [    Test worker] o.hibernate.jpa.internal.util.LogHelper  : HHH000204: Processing PersistenceUnitInfo [name: default]
2023-05-02T10:44:16.230-03:00  INFO 21372 --- [    Test worker] com.zaxxer.hikari.HikariDataSource       : HikariPool-11 - Starting...
2023-05-02T10:44:16.231-03:00  INFO 21372 --- [    Test worker] com.zaxxer.hikari.pool.HikariPool        : HikariPool-11 - Added connection conn94: url=jdbc:h2:~/financial user=USER
2023-05-02T10:44:16.231-03:00  INFO 21372 --- [    Test worker] com.zaxxer.hikari.HikariDataSource       : HikariPool-11 - Start completed.
2023-05-02T10:44:16.231-03:00  INFO 21372 --- [    Test worker] SQL dialect                              : HHH000400: Using dialect: org.hibernate.dialect.H2Dialect
2023-05-02T10:44:16.251-03:00  INFO 21372 --- [    Test worker] o.h.e.t.j.p.i.JtaPlatformInitiator       : HHH000490: Using JtaPlatform implementation: [org.hibernate.engine.transaction.jta.platform.internal.NoJtaPlatform]
2023-05-02T10:44:16.251-03:00  INFO 21372 --- [    Test worker] j.LocalContainerEntityManagerFactoryBean : Initialized JPA EntityManagerFactory for persistence unit 'default'
2023-05-02T10:44:16.278-03:00  WARN 21372 --- [    Test worker] JpaBaseConfiguration$JpaWebConfiguration : spring.jpa.open-in-view is enabled by default. Therefore, database queries may be performed during view rendering. Explicitly configure spring.jpa.open-in-view to disable this warning
2023-05-02T10:44:16.304-03:00  INFO 21372 --- [    Test worker] o.s.b.a.h2.H2ConsoleAutoConfiguration    : H2 console available at '/h2'. Database available at 'jdbc:h2:~/financial'
2023-05-02T10:44:16.319-03:00  INFO 21372 --- [    Test worker] c.e.d.i.r.TransactionRepositoryTest      : Started TransactionRepositoryTest in 0.162 seconds (process running for 11.823)
2023-05-02T10:44:16.326-03:00  INFO 21372 --- [    Test worker] j.LocalContainerEntityManagerFactoryBean : Closing JPA EntityManagerFactory for persistence unit 'default'
2023-05-02T10:44:16.326-03:00  INFO 21372 --- [    Test worker] .SchemaDropperImpl$DelayedDropActionImpl : HHH000477: Starting delayed evictData of schema as part of SessionFactory shut-down'
2023-05-02T10:44:16.327-03:00  INFO 21372 --- [    Test worker] com.zaxxer.hikari.HikariDataSource       : HikariPool-11 - Shutdown initiated...
2023-05-02T10:44:16.328-03:00  INFO 21372 --- [    Test worker] com.zaxxer.hikari.HikariDataSource       : HikariPool-11 - Shutdown completed.

  .   ____          _            __ _ _
 /\\ / ___'_ __ _ _(_)_ __  __ _ \ \ \ \
( ( )\___ | '_ | '_| | '_ \/ _` | \ \ \ \
 \\/  ___)| |_)| | | | | || (_| |  ) ) ) )
  '  |____| .__|_| |_|_| |_\__, | / / / /
 =========|_|==============|___/=/_/_/_/
 :: Spring Boot ::                (v3.0.6)

2023-05-02T10:44:16.336-03:00  INFO 21372 --- [    Test worker] c.e.d.i.r.TransactionRepositoryTest      : Starting TransactionRepositoryTest using Java 17.0.6 with PID 21372 (started by ronan in /home/ronan/projects/personal/demofinantial)
2023-05-02T10:44:16.336-03:00  INFO 21372 --- [    Test worker] c.e.d.i.r.TransactionRepositoryTest      : No active profile set, falling back to 1 default profile: "default"
2023-05-02T10:44:16.373-03:00  INFO 21372 --- [    Test worker] .s.d.r.c.RepositoryConfigurationDelegate : Bootstrapping Spring Data JPA repositories in DEFAULT mode.
2023-05-02T10:44:16.378-03:00  INFO 21372 --- [    Test worker] .s.d.r.c.RepositoryConfigurationDelegate : Finished Spring Data repository scanning in 4 ms. Found 3 JPA repository interfaces.
2023-05-02T10:44:16.401-03:00  INFO 21372 --- [    Test worker] o.hibernate.jpa.internal.util.LogHelper  : HHH000204: Processing PersistenceUnitInfo [name: default]
2023-05-02T10:44:16.404-03:00  INFO 21372 --- [    Test worker] com.zaxxer.hikari.HikariDataSource       : HikariPool-12 - Starting...
2023-05-02T10:44:16.405-03:00  INFO 21372 --- [    Test worker] com.zaxxer.hikari.pool.HikariPool        : HikariPool-12 - Added connection conn95: url=jdbc:h2:~/financial user=USER
2023-05-02T10:44:16.405-03:00  INFO 21372 --- [    Test worker] com.zaxxer.hikari.HikariDataSource       : HikariPool-12 - Start completed.
2023-05-02T10:44:16.405-03:00  INFO 21372 --- [    Test worker] SQL dialect                              : HHH000400: Using dialect: org.hibernate.dialect.H2Dialect
2023-05-02T10:44:16.428-03:00  INFO 21372 --- [    Test worker] o.h.e.t.j.p.i.JtaPlatformInitiator       : HHH000490: Using JtaPlatform implementation: [org.hibernate.engine.transaction.jta.platform.internal.NoJtaPlatform]
2023-05-02T10:44:16.428-03:00  INFO 21372 --- [    Test worker] j.LocalContainerEntityManagerFactoryBean : Initialized JPA EntityManagerFactory for persistence unit 'default'
2023-05-02T10:44:16.459-03:00  WARN 21372 --- [    Test worker] JpaBaseConfiguration$JpaWebConfiguration : spring.jpa.open-in-view is enabled by default. Therefore, database queries may be performed during view rendering. Explicitly configure spring.jpa.open-in-view to disable this warning
2023-05-02T10:44:16.483-03:00  INFO 21372 --- [    Test worker] o.s.b.a.h2.H2ConsoleAutoConfiguration    : H2 console available at '/h2'. Database available at 'jdbc:h2:~/financial'
2023-05-02T10:44:16.493-03:00  INFO 21372 --- [    Test worker] c.e.d.i.r.TransactionRepositoryTest      : Started TransactionRepositoryTest in 0.165 seconds (process running for 11.997)
2023-05-02T10:44:16.500-03:00  INFO 21372 --- [    Test worker] j.LocalContainerEntityManagerFactoryBean : Closing JPA EntityManagerFactory for persistence unit 'default'
2023-05-02T10:44:16.500-03:00  INFO 21372 --- [    Test worker] .SchemaDropperImpl$DelayedDropActionImpl : HHH000477: Starting delayed evictData of schema as part of SessionFactory shut-down'
2023-05-02T10:44:16.501-03:00  INFO 21372 --- [    Test worker] com.zaxxer.hikari.HikariDataSource       : HikariPool-12 - Shutdown initiated...
2023-05-02T10:44:16.502-03:00  INFO 21372 --- [    Test worker] com.zaxxer.hikari.HikariDataSource       : HikariPool-12 - Shutdown completed.

  .   ____          _            __ _ _
 /\\ / ___'_ __ _ _(_)_ __  __ _ \ \ \ \
( ( )\___ | '_ | '_| | '_ \/ _` | \ \ \ \
 \\/  ___)| |_)| | | | | || (_| |  ) ) ) )
  '  |____| .__|_| |_|_| |_\__, | / / / /
 =========|_|==============|___/=/_/_/_/
 :: Spring Boot ::                (v3.0.6)

2023-05-02T10:44:16.511-03:00  INFO 21372 --- [    Test worker] c.e.d.i.r.TransactionRepositoryTest      : Starting TransactionRepositoryTest using Java 17.0.6 with PID 21372 (started by ronan in /home/ronan/projects/personal/demofinantial)
2023-05-02T10:44:16.511-03:00  INFO 21372 --- [    Test worker] c.e.d.i.r.TransactionRepositoryTest      : No active profile set, falling back to 1 default profile: "default"
2023-05-02T10:44:16.545-03:00  INFO 21372 --- [    Test worker] .s.d.r.c.RepositoryConfigurationDelegate : Bootstrapping Spring Data JPA repositories in DEFAULT mode.
2023-05-02T10:44:16.552-03:00  INFO 21372 --- [    Test worker] .s.d.r.c.RepositoryConfigurationDelegate : Finished Spring Data repository scanning in 7 ms. Found 3 JPA repository interfaces.
2023-05-02T10:44:16.573-03:00  INFO 21372 --- [    Test worker] o.hibernate.jpa.internal.util.LogHelper  : HHH000204: Processing PersistenceUnitInfo [name: default]
2023-05-02T10:44:16.575-03:00  INFO 21372 --- [    Test worker] com.zaxxer.hikari.HikariDataSource       : HikariPool-13 - Starting...
2023-05-02T10:44:16.575-03:00  INFO 21372 --- [    Test worker] com.zaxxer.hikari.pool.HikariPool        : HikariPool-13 - Added connection conn96: url=jdbc:h2:~/financial user=USER
2023-05-02T10:44:16.576-03:00  INFO 21372 --- [    Test worker] com.zaxxer.hikari.HikariDataSource       : HikariPool-13 - Start completed.
2023-05-02T10:44:16.576-03:00  INFO 21372 --- [    Test worker] SQL dialect                              : HHH000400: Using dialect: org.hibernate.dialect.H2Dialect
2023-05-02T10:44:16.594-03:00  INFO 21372 --- [    Test worker] o.h.e.t.j.p.i.JtaPlatformInitiator       : HHH000490: Using JtaPlatform implementation: [org.hibernate.engine.transaction.jta.platform.internal.NoJtaPlatform]
2023-05-02T10:44:16.594-03:00  INFO 21372 --- [    Test worker] j.LocalContainerEntityManagerFactoryBean : Initialized JPA EntityManagerFactory for persistence unit 'default'
2023-05-02T10:44:16.621-03:00  WARN 21372 --- [    Test worker] JpaBaseConfiguration$JpaWebConfiguration : spring.jpa.open-in-view is enabled by default. Therefore, database queries may be performed during view rendering. Explicitly configure spring.jpa.open-in-view to disable this warning
2023-05-02T10:44:16.648-03:00  INFO 21372 --- [    Test worker] o.s.b.a.h2.H2ConsoleAutoConfiguration    : H2 console available at '/h2'. Database available at 'jdbc:h2:~/financial'
2023-05-02T10:44:16.658-03:00  INFO 21372 --- [    Test worker] c.e.d.i.r.TransactionRepositoryTest      : Started TransactionRepositoryTest in 0.155 seconds (process running for 12.161)
2023-05-02T10:44:16.666-03:00  INFO 21372 --- [    Test worker] j.LocalContainerEntityManagerFactoryBean : Closing JPA EntityManagerFactory for persistence unit 'default'
2023-05-02T10:44:16.666-03:00  INFO 21372 --- [    Test worker] .SchemaDropperImpl$DelayedDropActionImpl : HHH000477: Starting delayed evictData of schema as part of SessionFactory shut-down'
2023-05-02T10:44:16.667-03:00  INFO 21372 --- [    Test worker] com.zaxxer.hikari.HikariDataSource       : HikariPool-13 - Shutdown initiated...
2023-05-02T10:44:16.667-03:00  INFO 21372 --- [    Test worker] com.zaxxer.hikari.HikariDataSource       : HikariPool-13 - Shutdown completed.

  .   ____          _            __ _ _
 /\\ / ___'_ __ _ _(_)_ __  __ _ \ \ \ \
( ( )\___ | '_ | '_| | '_ \/ _` | \ \ \ \
 \\/  ___)| |_)| | | | | || (_| |  ) ) ) )
  '  |____| .__|_| |_|_| |_\__, | / / / /
 =========|_|==============|___/=/_/_/_/
 :: Spring Boot ::                (v3.0.6)

2023-05-02T10:44:16.675-03:00  INFO 21372 --- [    Test worker] c.e.d.i.r.TransactionRepositoryTest      : Starting TransactionRepositoryTest using Java 17.0.6 with PID 21372 (started by ronan in /home/ronan/projects/personal/demofinantial)
2023-05-02T10:44:16.675-03:00  INFO 21372 --- [    Test worker] c.e.d.i.r.TransactionRepositoryTest      : No active profile set, falling back to 1 default profile: "default"
2023-05-02T10:44:16.708-03:00  INFO 21372 --- [    Test worker] .s.d.r.c.RepositoryConfigurationDelegate : Bootstrapping Spring Data JPA repositories in DEFAULT mode.
2023-05-02T10:44:16.712-03:00  INFO 21372 --- [    Test worker] .s.d.r.c.RepositoryConfigurationDelegate : Finished Spring Data repository scanning in 4 ms. Found 3 JPA repository interfaces.
2023-05-02T10:44:16.732-03:00  INFO 21372 --- [    Test worker] o.hibernate.jpa.internal.util.LogHelper  : HHH000204: Processing PersistenceUnitInfo [name: default]
2023-05-02T10:44:16.735-03:00  INFO 21372 --- [    Test worker] com.zaxxer.hikari.HikariDataSource       : HikariPool-14 - Starting...
2023-05-02T10:44:16.735-03:00  INFO 21372 --- [    Test worker] com.zaxxer.hikari.pool.HikariPool        : HikariPool-14 - Added connection conn97: url=jdbc:h2:~/financial user=USER
2023-05-02T10:44:16.735-03:00  INFO 21372 --- [    Test worker] com.zaxxer.hikari.HikariDataSource       : HikariPool-14 - Start completed.
2023-05-02T10:44:16.736-03:00  INFO 21372 --- [    Test worker] SQL dialect                              : HHH000400: Using dialect: org.hibernate.dialect.H2Dialect
2023-05-02T10:44:16.752-03:00  INFO 21372 --- [    Test worker] o.h.e.t.j.p.i.JtaPlatformInitiator       : HHH000490: Using JtaPlatform implementation: [org.hibernate.engine.transaction.jta.platform.internal.NoJtaPlatform]
2023-05-02T10:44:16.752-03:00  INFO 21372 --- [    Test worker] j.LocalContainerEntityManagerFactoryBean : Initialized JPA EntityManagerFactory for persistence unit 'default'
2023-05-02T10:44:16.779-03:00  WARN 21372 --- [    Test worker] JpaBaseConfiguration$JpaWebConfiguration : spring.jpa.open-in-view is enabled by default. Therefore, database queries may be performed during view rendering. Explicitly configure spring.jpa.open-in-view to disable this warning
2023-05-02T10:44:16.804-03:00  INFO 21372 --- [    Test worker] o.s.b.a.h2.H2ConsoleAutoConfiguration    : H2 console available at '/h2'. Database available at 'jdbc:h2:~/financial'
2023-05-02T10:44:16.814-03:00  INFO 21372 --- [    Test worker] c.e.d.i.r.TransactionRepositoryTest      : Started TransactionRepositoryTest in 0.146 seconds (process running for 12.318)
]]></system-out>
  <system-err><![CDATA[]]></system-err>
</testsuite>
