<?xml version="1.0" encoding="UTF-8"?>
<testsuite name="com.example.demofinantial.application.controller.AccountControllerTest" tests="1" skipped="0" failures="0" errors="0" timestamp="2023-05-02T13:44:08" hostname="ronan-System-Product-Name" time="0.49">
  <properties/>
  <testcase name="createNewAccount()" classname="com.example.demofinantial.application.controller.AccountControllerTest" time="0.49"/>
  <system-out><![CDATA[10:44:05.277 [Test worker] DEBUG org.springframework.boot.test.context.SpringBootTestContextBootstrapper -- Neither @ContextConfiguration nor @ContextHierarchy found for test class [AccountControllerTest]: using SpringBootContextLoader
10:44:05.285 [Test worker] DEBUG org.springframework.test.context.support.AbstractContextLoader -- Could not detect default resource locations for test class [com.example.demofinantial.application.controller.AccountControllerTest]: no resource found for suffixes {-context.xml, Context.groovy}.
10:44:05.286 [Test worker] INFO org.springframework.test.context.support.AnnotationConfigContextLoaderUtils -- Could not detect default configuration classes for test class [com.example.demofinantial.application.controller.AccountControllerTest]: AccountControllerTest does not declare any static, non-private, non-final, nested classes annotated with @Configuration.
10:44:05.312 [Test worker] DEBUG org.springframework.boot.test.context.SpringBootTestContextBootstrapper -- Using ContextCustomizers for test class [AccountControllerTest]: [DisableObservabilityContextCustomizer, PropertyMappingContextCustomizer, Customizer, ExcludeFilterContextCustomizer, DuplicateJsonObjectContextCustomizer, MockitoContextCustomizer, TestRestTemplateContextCustomizer]
10:44:05.423 [Test worker] DEBUG org.springframework.context.annotation.ClassPathScanningCandidateComponentProvider -- Identified candidate component class: file [/home/ronan/projects/personal/demofinantial/build/classes/java/main/com/example/demofinantial/DemofinantialApplication.class]
10:44:05.424 [Test worker] INFO org.springframework.boot.test.context.SpringBootTestContextBootstrapper -- Found @SpringBootConfiguration com.example.demofinantial.DemofinantialApplication for test class com.example.demofinantial.application.controller.AccountControllerTest
10:44:05.533 [Test worker] DEBUG org.springframework.boot.test.context.SpringBootTestContextBootstrapper -- Using TestExecutionListeners for test class [AccountControllerTest]: [ServletTestExecutionListener, DirtiesContextBeforeModesTestExecutionListener, ApplicationEventsTestExecutionListener, MockitoTestExecutionListener, DependencyInjectionTestExecutionListener, DirtiesContextTestExecutionListener, TransactionalTestExecutionListener, SqlScriptsTestExecutionListener, EventPublishingTestExecutionListener, RestDocsTestExecutionListener, MockRestServiceServerResetTestExecutionListener, MockMvcPrintOnlyOnFailureTestExecutionListener, WebDriverTestExecutionListener, MockWebServiceServerTestExecutionListener, ResetMocksTestExecutionListener]
10:44:05.534 [Test worker] DEBUG org.springframework.test.context.support.AbstractDirtiesContextTestExecutionListener -- Before test class: class [AccountControllerTest], class annotated with @DirtiesContext [false] with mode [null]
10:44:05.546 [Test worker] DEBUG org.springframework.test.context.support.DependencyInjectionTestExecutionListener -- Performing dependency injection for test class com.example.demofinantial.application.controller.AccountControllerTest

  .   ____          _            __ _ _
 /\\ / ___'_ __ _ _(_)_ __  __ _ \ \ \ \
( ( )\___ | '_ | '_| | '_ \/ _` | \ \ \ \
 \\/  ___)| |_)| | | | | || (_| |  ) ) ) )
  '  |____| .__|_| |_|_| |_\__, | / / / /
 =========|_|==============|___/=/_/_/_/
 :: Spring Boot ::                (v3.0.6)

2023-05-02T10:44:05.886-03:00  INFO 21372 --- [    Test worker] c.e.d.a.c.AccountControllerTest          : Starting AccountControllerTest using Java 17.0.6 with PID 21372 (started by ronan in /home/ronan/projects/personal/demofinantial)
2023-05-02T10:44:05.888-03:00  INFO 21372 --- [    Test worker] c.e.d.a.c.AccountControllerTest          : No active profile set, falling back to 1 default profile: "default"
2023-05-02T10:44:06.382-03:00  INFO 21372 --- [    Test worker] .s.d.r.c.RepositoryConfigurationDelegate : Bootstrapping Spring Data JPA repositories in DEFAULT mode.
2023-05-02T10:44:06.433-03:00  INFO 21372 --- [    Test worker] .s.d.r.c.RepositoryConfigurationDelegate : Finished Spring Data repository scanning in 43 ms. Found 3 JPA repository interfaces.
2023-05-02T10:44:06.831-03:00  INFO 21372 --- [    Test worker] o.s.b.w.embedded.tomcat.TomcatWebServer  : Tomcat initialized with port(s): 0 (http)
2023-05-02T10:44:06.841-03:00  INFO 21372 --- [    Test worker] o.apache.catalina.core.StandardService   : Starting service [Tomcat]
2023-05-02T10:44:06.841-03:00  INFO 21372 --- [    Test worker] o.apache.catalina.core.StandardEngine    : Starting Servlet engine: [Apache Tomcat/10.1.8]
2023-05-02T10:44:06.910-03:00  INFO 21372 --- [    Test worker] o.a.c.c.C.[Tomcat].[localhost].[/]       : Initializing Spring embedded WebApplicationContext
2023-05-02T10:44:06.911-03:00  INFO 21372 --- [    Test worker] w.s.c.ServletWebServerApplicationContext : Root WebApplicationContext: initialization completed in 1000 ms
2023-05-02T10:44:06.939-03:00  INFO 21372 --- [    Test worker] com.zaxxer.hikari.HikariDataSource       : HikariPool-1 - Starting...
2023-05-02T10:44:07.211-03:00  INFO 21372 --- [    Test worker] com.zaxxer.hikari.pool.HikariPool        : HikariPool-1 - Added connection conn0: url=jdbc:h2:~/financial user=USER
2023-05-02T10:44:07.213-03:00  INFO 21372 --- [    Test worker] com.zaxxer.hikari.HikariDataSource       : HikariPool-1 - Start completed.
2023-05-02T10:44:07.226-03:00  INFO 21372 --- [    Test worker] o.s.b.a.h2.H2ConsoleAutoConfiguration    : H2 console available at '/h2'. Database available at 'jdbc:h2:~/financial'
2023-05-02T10:44:07.336-03:00  INFO 21372 --- [    Test worker] o.hibernate.jpa.internal.util.LogHelper  : HHH000204: Processing PersistenceUnitInfo [name: default]
2023-05-02T10:44:07.384-03:00  INFO 21372 --- [    Test worker] org.hibernate.Version                    : HHH000412: Hibernate ORM core version 6.1.7.Final
2023-05-02T10:44:07.647-03:00  INFO 21372 --- [    Test worker] SQL dialect                              : HHH000400: Using dialect: org.hibernate.dialect.H2Dialect
2023-05-02T10:44:08.227-03:00  INFO 21372 --- [    Test worker] o.h.e.t.j.p.i.JtaPlatformInitiator       : HHH000490: Using JtaPlatform implementation: [org.hibernate.engine.transaction.jta.platform.internal.NoJtaPlatform]
2023-05-02T10:44:08.233-03:00  INFO 21372 --- [    Test worker] j.LocalContainerEntityManagerFactoryBean : Initialized JPA EntityManagerFactory for persistence unit 'default'
2023-05-02T10:44:08.509-03:00  WARN 21372 --- [    Test worker] JpaBaseConfiguration$JpaWebConfiguration : spring.jpa.open-in-view is enabled by default. Therefore, database queries may be performed during view rendering. Explicitly configure spring.jpa.open-in-view to disable this warning
2023-05-02T10:44:08.928-03:00  INFO 21372 --- [    Test worker] o.s.b.w.embedded.tomcat.TomcatWebServer  : Tomcat started on port(s): 36503 (http) with context path ''
2023-05-02T10:44:08.936-03:00  INFO 21372 --- [    Test worker] c.e.d.a.c.AccountControllerTest          : Started AccountControllerTest in 3.363 seconds (process running for 4.439)
2023-05-02T10:44:09.210-03:00  INFO 21372 --- [o-auto-1-exec-1] o.a.c.c.C.[Tomcat].[localhost].[/]       : Initializing Spring DispatcherServlet 'dispatcherServlet'
2023-05-02T10:44:09.210-03:00  INFO 21372 --- [o-auto-1-exec-1] o.s.web.servlet.DispatcherServlet        : Initializing Servlet 'dispatcherServlet'
2023-05-02T10:44:09.212-03:00  INFO 21372 --- [o-auto-1-exec-1] o.s.web.servlet.DispatcherServlet        : Completed initialization in 0 ms
]]></system-out>
  <system-err><![CDATA[]]></system-err>
</testsuite>
