<?xml version="1.0" encoding="UTF-8"?>
<testsuite name="com.example.demofinantial.application.controller.TransactionControllerTest" tests="3" skipped="0" failures="0" errors="0" timestamp="2023-05-02T13:44:09" hostname="ronan-System-Product-Name" time="3.372">
  <properties/>
  <testcase name="createTransactionWithNoBalance()" classname="com.example.demofinantial.application.controller.TransactionControllerTest" time="1.05"/>
  <testcase name="searchTransaction()" classname="com.example.demofinantial.application.controller.TransactionControllerTest" time="0.378"/>
  <testcase name="createNewTransaction()" classname="com.example.demofinantial.application.controller.TransactionControllerTest" time="1.942"/>
  <system-out><![CDATA[2023-05-02T10:44:09.435-03:00  INFO 21372 --- [    Test worker] t.c.s.AnnotationConfigContextLoaderUtils : Could not detect default configuration classes for test class [com.example.demofinantial.application.controller.TransactionControllerTest]: TransactionControllerTest does not declare any static, non-private, non-final, nested classes annotated with @Configuration.
2023-05-02T10:44:09.436-03:00  INFO 21372 --- [    Test worker] .b.t.c.SpringBootTestContextBootstrapper : Found @SpringBootConfiguration com.example.demofinantial.DemofinantialApplication for test class com.example.demofinantial.application.controller.TransactionControllerTest
2023-05-02T10:44:09.441-03:00  INFO 21372 --- [    Test worker] o.apache.catalina.core.StandardService   : Stopping service [Tomcat]
2023-05-02T10:44:09.442-03:00  INFO 21372 --- [    Test worker] o.a.c.c.C.[Tomcat].[localhost].[/]       : Destroying Spring FrameworkServlet 'dispatcherServlet'
2023-05-02T10:44:09.446-03:00  INFO 21372 --- [    Test worker] j.LocalContainerEntityManagerFactoryBean : Closing JPA EntityManagerFactory for persistence unit 'default'
2023-05-02T10:44:09.447-03:00  INFO 21372 --- [    Test worker] .SchemaDropperImpl$DelayedDropActionImpl : HHH000477: Starting delayed evictData of schema as part of SessionFactory shut-down'
2023-05-02T10:44:09.450-03:00  INFO 21372 --- [    Test worker] com.zaxxer.hikari.HikariDataSource       : HikariPool-1 - Shutdown initiated...
2023-05-02T10:44:09.472-03:00  INFO 21372 --- [    Test worker] com.zaxxer.hikari.HikariDataSource       : HikariPool-1 - Shutdown completed.

  .   ____          _            __ _ _
 /\\ / ___'_ __ _ _(_)_ __  __ _ \ \ \ \
( ( )\___ | '_ | '_| | '_ \/ _` | \ \ \ \
 \\/  ___)| |_)| | | | | || (_| |  ) ) ) )
  '  |____| .__|_| |_|_| |_\__, | / / / /
 =========|_|==============|___/=/_/_/_/
 :: Spring Boot ::                (v3.0.6)

2023-05-02T10:44:09.492-03:00  INFO 21372 --- [    Test worker] c.e.d.a.c.TransactionControllerTest      : Starting TransactionControllerTest using Java 17.0.6 with PID 21372 (started by ronan in /home/ronan/projects/personal/demofinantial)
2023-05-02T10:44:09.492-03:00  INFO 21372 --- [    Test worker] c.e.d.a.c.TransactionControllerTest      : No active profile set, falling back to 1 default profile: "default"
2023-05-02T10:44:09.564-03:00  INFO 21372 --- [    Test worker] .s.d.r.c.RepositoryConfigurationDelegate : Bootstrapping Spring Data JPA repositories in DEFAULT mode.
2023-05-02T10:44:09.571-03:00  INFO 21372 --- [    Test worker] .s.d.r.c.RepositoryConfigurationDelegate : Finished Spring Data repository scanning in 6 ms. Found 3 JPA repository interfaces.
2023-05-02T10:44:09.621-03:00  INFO 21372 --- [    Test worker] o.s.b.w.embedded.tomcat.TomcatWebServer  : Tomcat initialized with port(s): 0 (http)
2023-05-02T10:44:09.622-03:00  INFO 21372 --- [    Test worker] o.apache.catalina.core.StandardService   : Starting service [Tomcat]
2023-05-02T10:44:09.623-03:00  INFO 21372 --- [    Test worker] o.apache.catalina.core.StandardEngine    : Starting Servlet engine: [Apache Tomcat/10.1.8]
2023-05-02T10:44:09.630-03:00  INFO 21372 --- [    Test worker] o.a.c.c.C.[Tomcat].[localhost].[/]       : Initializing Spring embedded WebApplicationContext
2023-05-02T10:44:09.630-03:00  INFO 21372 --- [    Test worker] w.s.c.ServletWebServerApplicationContext : Root WebApplicationContext: initialization completed in 137 ms
2023-05-02T10:44:09.640-03:00  INFO 21372 --- [    Test worker] com.zaxxer.hikari.HikariDataSource       : HikariPool-2 - Starting...
2023-05-02T10:44:09.644-03:00  INFO 21372 --- [    Test worker] com.zaxxer.hikari.pool.HikariPool        : HikariPool-2 - Added connection conn10: url=jdbc:h2:~/financial user=USER
2023-05-02T10:44:09.645-03:00  INFO 21372 --- [    Test worker] com.zaxxer.hikari.HikariDataSource       : HikariPool-2 - Start completed.
2023-05-02T10:44:09.645-03:00  INFO 21372 --- [    Test worker] o.s.b.a.h2.H2ConsoleAutoConfiguration    : H2 console available at '/h2'. Database available at 'jdbc:h2:~/financial'
2023-05-02T10:44:09.662-03:00  INFO 21372 --- [    Test worker] o.hibernate.jpa.internal.util.LogHelper  : HHH000204: Processing PersistenceUnitInfo [name: default]
2023-05-02T10:44:09.665-03:00  INFO 21372 --- [    Test worker] SQL dialect                              : HHH000400: Using dialect: org.hibernate.dialect.H2Dialect
2023-05-02T10:44:09.699-03:00  INFO 21372 --- [    Test worker] o.h.e.t.j.p.i.JtaPlatformInitiator       : HHH000490: Using JtaPlatform implementation: [org.hibernate.engine.transaction.jta.platform.internal.NoJtaPlatform]
2023-05-02T10:44:09.699-03:00  INFO 21372 --- [    Test worker] j.LocalContainerEntityManagerFactoryBean : Initialized JPA EntityManagerFactory for persistence unit 'default'
2023-05-02T10:44:09.738-03:00  WARN 21372 --- [    Test worker] JpaBaseConfiguration$JpaWebConfiguration : spring.jpa.open-in-view is enabled by default. Therefore, database queries may be performed during view rendering. Explicitly configure spring.jpa.open-in-view to disable this warning
2023-05-02T10:44:09.800-03:00  INFO 21372 --- [    Test worker] o.s.b.w.embedded.tomcat.TomcatWebServer  : Tomcat started on port(s): 44935 (http) with context path ''
2023-05-02T10:44:09.804-03:00  INFO 21372 --- [    Test worker] c.e.d.a.c.TransactionControllerTest      : Started TransactionControllerTest in 0.33 seconds (process running for 5.308)
2023-05-02T10:44:09.816-03:00  INFO 21372 --- [o-auto-2-exec-1] o.a.c.c.C.[Tomcat].[localhost].[/]       : Initializing Spring DispatcherServlet 'dispatcherServlet'
2023-05-02T10:44:09.816-03:00  INFO 21372 --- [o-auto-2-exec-1] o.s.web.servlet.DispatcherServlet        : Initializing Servlet 'dispatcherServlet'
2023-05-02T10:44:09.817-03:00  INFO 21372 --- [o-auto-2-exec-1] o.s.web.servlet.DispatcherServlet        : Completed initialization in 1 ms
2023-05-02T10:44:10.490-03:00  INFO 21372 --- [    Test worker] o.apache.catalina.core.StandardService   : Stopping service [Tomcat]
2023-05-02T10:44:10.491-03:00  INFO 21372 --- [    Test worker] o.a.c.c.C.[Tomcat].[localhost].[/]       : Destroying Spring FrameworkServlet 'dispatcherServlet'
2023-05-02T10:44:10.492-03:00  WARN 21372 --- [    Test worker] o.a.c.loader.WebappClassLoaderBase       : The web application [ROOT] appears to have started a thread named [HttpClient-1-SelectorManager] but has failed to stop it. This is very likely to create a memory leak. Stack trace of thread:
 java.base@17.0.6/sun.nio.ch.EPoll.wait(Native Method)
 java.base@17.0.6/sun.nio.ch.EPollSelectorImpl.doSelect(EPollSelectorImpl.java:118)
 java.base@17.0.6/sun.nio.ch.SelectorImpl.lockAndDoSelect(SelectorImpl.java:129)
 java.base@17.0.6/sun.nio.ch.SelectorImpl.select(SelectorImpl.java:141)
 platform/java.net.http@17.0.6/jdk.internal.net.http.HttpClientImpl$SelectorManager.run(HttpClientImpl.java:889)
2023-05-02T10:44:10.492-03:00  WARN 21372 --- [    Test worker] o.a.c.loader.WebappClassLoaderBase       : The web application [ROOT] appears to have started a thread named [HttpClient-1-Worker-0] but has failed to stop it. This is very likely to create a memory leak. Stack trace of thread:
 java.base@17.0.6/jdk.internal.misc.Unsafe.park(Native Method)
 java.base@17.0.6/java.util.concurrent.locks.LockSupport.parkNanos(LockSupport.java:252)
 java.base@17.0.6/java.util.concurrent.SynchronousQueue$TransferStack.transfer(SynchronousQueue.java:401)
 java.base@17.0.6/java.util.concurrent.SynchronousQueue.poll(SynchronousQueue.java:903)
 java.base@17.0.6/java.util.concurrent.ThreadPoolExecutor.getTask(ThreadPoolExecutor.java:1061)
 java.base@17.0.6/java.util.concurrent.ThreadPoolExecutor.runWorker(ThreadPoolExecutor.java:1122)
 java.base@17.0.6/java.util.concurrent.ThreadPoolExecutor$Worker.run(ThreadPoolExecutor.java:635)
 java.base@17.0.6/java.lang.Thread.run(Thread.java:833)
2023-05-02T10:44:10.493-03:00  WARN 21372 --- [    Test worker] o.a.c.loader.WebappClassLoaderBase       : The web application [ROOT] appears to have started a thread named [HttpClient-1-Worker-1] but has failed to stop it. This is very likely to create a memory leak. Stack trace of thread:
 java.base@17.0.6/jdk.internal.misc.Unsafe.park(Native Method)
 java.base@17.0.6/java.util.concurrent.locks.LockSupport.parkNanos(LockSupport.java:252)
 java.base@17.0.6/java.util.concurrent.SynchronousQueue$TransferStack.transfer(SynchronousQueue.java:401)
 java.base@17.0.6/java.util.concurrent.SynchronousQueue.poll(SynchronousQueue.java:903)
 java.base@17.0.6/java.util.concurrent.ThreadPoolExecutor.getTask(ThreadPoolExecutor.java:1061)
 java.base@17.0.6/java.util.concurrent.ThreadPoolExecutor.runWorker(ThreadPoolExecutor.java:1122)
 java.base@17.0.6/java.util.concurrent.ThreadPoolExecutor$Worker.run(ThreadPoolExecutor.java:635)
 java.base@17.0.6/java.lang.Thread.run(Thread.java:833)
2023-05-02T10:44:10.495-03:00  INFO 21372 --- [    Test worker] j.LocalContainerEntityManagerFactoryBean : Closing JPA EntityManagerFactory for persistence unit 'default'
2023-05-02T10:44:10.495-03:00  INFO 21372 --- [    Test worker] .SchemaDropperImpl$DelayedDropActionImpl : HHH000477: Starting delayed evictData of schema as part of SessionFactory shut-down'
2023-05-02T10:44:10.498-03:00  INFO 21372 --- [    Test worker] com.zaxxer.hikari.HikariDataSource       : HikariPool-2 - Shutdown initiated...
2023-05-02T10:44:10.510-03:00  INFO 21372 --- [    Test worker] com.zaxxer.hikari.HikariDataSource       : HikariPool-2 - Shutdown completed.

  .   ____          _            __ _ _
 /\\ / ___'_ __ _ _(_)_ __  __ _ \ \ \ \
( ( )\___ | '_ | '_| | '_ \/ _` | \ \ \ \
 \\/  ___)| |_)| | | | | || (_| |  ) ) ) )
  '  |____| .__|_| |_|_| |_\__, | / / / /
 =========|_|==============|___/=/_/_/_/
 :: Spring Boot ::                (v3.0.6)

2023-05-02T10:44:10.526-03:00  INFO 21372 --- [    Test worker] c.e.d.a.c.TransactionControllerTest      : Starting TransactionControllerTest using Java 17.0.6 with PID 21372 (started by ronan in /home/ronan/projects/personal/demofinantial)
2023-05-02T10:44:10.526-03:00  INFO 21372 --- [    Test worker] c.e.d.a.c.TransactionControllerTest      : No active profile set, falling back to 1 default profile: "default"
2023-05-02T10:44:10.591-03:00  INFO 21372 --- [    Test worker] .s.d.r.c.RepositoryConfigurationDelegate : Bootstrapping Spring Data JPA repositories in DEFAULT mode.
2023-05-02T10:44:10.599-03:00  INFO 21372 --- [    Test worker] .s.d.r.c.RepositoryConfigurationDelegate : Finished Spring Data repository scanning in 8 ms. Found 3 JPA repository interfaces.
2023-05-02T10:44:10.635-03:00  INFO 21372 --- [    Test worker] o.s.b.w.embedded.tomcat.TomcatWebServer  : Tomcat initialized with port(s): 0 (http)
2023-05-02T10:44:10.635-03:00  INFO 21372 --- [    Test worker] o.apache.catalina.core.StandardService   : Starting service [Tomcat]
2023-05-02T10:44:10.636-03:00  INFO 21372 --- [    Test worker] o.apache.catalina.core.StandardEngine    : Starting Servlet engine: [Apache Tomcat/10.1.8]
2023-05-02T10:44:10.641-03:00  INFO 21372 --- [    Test worker] o.a.c.c.C.[Tomcat].[localhost].[/]       : Initializing Spring embedded WebApplicationContext
2023-05-02T10:44:10.642-03:00  INFO 21372 --- [    Test worker] w.s.c.ServletWebServerApplicationContext : Root WebApplicationContext: initialization completed in 115 ms
2023-05-02T10:44:10.649-03:00  INFO 21372 --- [    Test worker] com.zaxxer.hikari.HikariDataSource       : HikariPool-3 - Starting...
2023-05-02T10:44:10.653-03:00  INFO 21372 --- [    Test worker] com.zaxxer.hikari.pool.HikariPool        : HikariPool-3 - Added connection conn20: url=jdbc:h2:~/financial user=USER
2023-05-02T10:44:10.653-03:00  INFO 21372 --- [    Test worker] com.zaxxer.hikari.HikariDataSource       : HikariPool-3 - Start completed.
2023-05-02T10:44:10.653-03:00  INFO 21372 --- [    Test worker] o.s.b.a.h2.H2ConsoleAutoConfiguration    : H2 console available at '/h2'. Database available at 'jdbc:h2:~/financial'
2023-05-02T10:44:10.663-03:00  INFO 21372 --- [    Test worker] o.hibernate.jpa.internal.util.LogHelper  : HHH000204: Processing PersistenceUnitInfo [name: default]
2023-05-02T10:44:10.666-03:00  INFO 21372 --- [    Test worker] SQL dialect                              : HHH000400: Using dialect: org.hibernate.dialect.H2Dialect
2023-05-02T10:44:10.695-03:00  INFO 21372 --- [    Test worker] o.h.e.t.j.p.i.JtaPlatformInitiator       : HHH000490: Using JtaPlatform implementation: [org.hibernate.engine.transaction.jta.platform.internal.NoJtaPlatform]
2023-05-02T10:44:10.695-03:00  INFO 21372 --- [    Test worker] j.LocalContainerEntityManagerFactoryBean : Initialized JPA EntityManagerFactory for persistence unit 'default'
2023-05-02T10:44:10.727-03:00  WARN 21372 --- [    Test worker] JpaBaseConfiguration$JpaWebConfiguration : spring.jpa.open-in-view is enabled by default. Therefore, database queries may be performed during view rendering. Explicitly configure spring.jpa.open-in-view to disable this warning
2023-05-02T10:44:10.780-03:00  INFO 21372 --- [    Test worker] o.s.b.w.embedded.tomcat.TomcatWebServer  : Tomcat started on port(s): 41483 (http) with context path ''
2023-05-02T10:44:10.783-03:00  INFO 21372 --- [    Test worker] c.e.d.a.c.TransactionControllerTest      : Started TransactionControllerTest in 0.271 seconds (process running for 6.286)
2023-05-02T10:44:10.818-03:00  INFO 21372 --- [o-auto-3-exec-1] o.a.c.c.C.[Tomcat].[localhost].[/]       : Initializing Spring DispatcherServlet 'dispatcherServlet'
2023-05-02T10:44:10.818-03:00  INFO 21372 --- [o-auto-3-exec-1] o.s.web.servlet.DispatcherServlet        : Initializing Servlet 'dispatcherServlet'
2023-05-02T10:44:10.819-03:00  INFO 21372 --- [o-auto-3-exec-1] o.s.web.servlet.DispatcherServlet        : Completed initialization in 1 ms
2023-05-02T10:44:10.870-03:00  INFO 21372 --- [    Test worker] o.apache.catalina.core.StandardService   : Stopping service [Tomcat]
2023-05-02T10:44:10.870-03:00  INFO 21372 --- [    Test worker] o.a.c.c.C.[Tomcat].[localhost].[/]       : Destroying Spring FrameworkServlet 'dispatcherServlet'
2023-05-02T10:44:10.872-03:00  INFO 21372 --- [    Test worker] j.LocalContainerEntityManagerFactoryBean : Closing JPA EntityManagerFactory for persistence unit 'default'
2023-05-02T10:44:10.873-03:00  INFO 21372 --- [    Test worker] .SchemaDropperImpl$DelayedDropActionImpl : HHH000477: Starting delayed evictData of schema as part of SessionFactory shut-down'
2023-05-02T10:44:10.874-03:00  INFO 21372 --- [    Test worker] com.zaxxer.hikari.HikariDataSource       : HikariPool-3 - Shutdown initiated...
2023-05-02T10:44:10.885-03:00  INFO 21372 --- [    Test worker] com.zaxxer.hikari.HikariDataSource       : HikariPool-3 - Shutdown completed.

  .   ____          _            __ _ _
 /\\ / ___'_ __ _ _(_)_ __  __ _ \ \ \ \
( ( )\___ | '_ | '_| | '_ \/ _` | \ \ \ \
 \\/  ___)| |_)| | | | | || (_| |  ) ) ) )
  '  |____| .__|_| |_|_| |_\__, | / / / /
 =========|_|==============|___/=/_/_/_/
 :: Spring Boot ::                (v3.0.6)

2023-05-02T10:44:10.901-03:00  INFO 21372 --- [    Test worker] c.e.d.a.c.TransactionControllerTest      : Starting TransactionControllerTest using Java 17.0.6 with PID 21372 (started by ronan in /home/ronan/projects/personal/demofinantial)
2023-05-02T10:44:10.901-03:00  INFO 21372 --- [    Test worker] c.e.d.a.c.TransactionControllerTest      : No active profile set, falling back to 1 default profile: "default"
2023-05-02T10:44:10.955-03:00  INFO 21372 --- [    Test worker] .s.d.r.c.RepositoryConfigurationDelegate : Bootstrapping Spring Data JPA repositories in DEFAULT mode.
2023-05-02T10:44:10.961-03:00  INFO 21372 --- [    Test worker] .s.d.r.c.RepositoryConfigurationDelegate : Finished Spring Data repository scanning in 5 ms. Found 3 JPA repository interfaces.
2023-05-02T10:44:10.990-03:00  INFO 21372 --- [    Test worker] o.s.b.w.embedded.tomcat.TomcatWebServer  : Tomcat initialized with port(s): 0 (http)
2023-05-02T10:44:10.991-03:00  INFO 21372 --- [    Test worker] o.apache.catalina.core.StandardService   : Starting service [Tomcat]
2023-05-02T10:44:10.991-03:00  INFO 21372 --- [    Test worker] o.apache.catalina.core.StandardEngine    : Starting Servlet engine: [Apache Tomcat/10.1.8]
2023-05-02T10:44:10.996-03:00  INFO 21372 --- [    Test worker] o.a.c.c.C.[Tomcat].[localhost].[/]       : Initializing Spring embedded WebApplicationContext
2023-05-02T10:44:10.996-03:00  INFO 21372 --- [    Test worker] w.s.c.ServletWebServerApplicationContext : Root WebApplicationContext: initialization completed in 94 ms
2023-05-02T10:44:11.003-03:00  INFO 21372 --- [    Test worker] com.zaxxer.hikari.HikariDataSource       : HikariPool-4 - Starting...
2023-05-02T10:44:11.006-03:00  INFO 21372 --- [    Test worker] com.zaxxer.hikari.pool.HikariPool        : HikariPool-4 - Added connection conn30: url=jdbc:h2:~/financial user=USER
2023-05-02T10:44:11.007-03:00  INFO 21372 --- [    Test worker] com.zaxxer.hikari.HikariDataSource       : HikariPool-4 - Start completed.
2023-05-02T10:44:11.007-03:00  INFO 21372 --- [    Test worker] o.s.b.a.h2.H2ConsoleAutoConfiguration    : H2 console available at '/h2'. Database available at 'jdbc:h2:~/financial'
2023-05-02T10:44:11.017-03:00  INFO 21372 --- [    Test worker] o.hibernate.jpa.internal.util.LogHelper  : HHH000204: Processing PersistenceUnitInfo [name: default]
2023-05-02T10:44:11.020-03:00  INFO 21372 --- [    Test worker] SQL dialect                              : HHH000400: Using dialect: org.hibernate.dialect.H2Dialect
2023-05-02T10:44:11.047-03:00  INFO 21372 --- [    Test worker] o.h.e.t.j.p.i.JtaPlatformInitiator       : HHH000490: Using JtaPlatform implementation: [org.hibernate.engine.transaction.jta.platform.internal.NoJtaPlatform]
2023-05-02T10:44:11.047-03:00  INFO 21372 --- [    Test worker] j.LocalContainerEntityManagerFactoryBean : Initialized JPA EntityManagerFactory for persistence unit 'default'
2023-05-02T10:44:11.077-03:00  WARN 21372 --- [    Test worker] JpaBaseConfiguration$JpaWebConfiguration : spring.jpa.open-in-view is enabled by default. Therefore, database queries may be performed during view rendering. Explicitly configure spring.jpa.open-in-view to disable this warning
2023-05-02T10:44:11.122-03:00  INFO 21372 --- [    Test worker] o.s.b.w.embedded.tomcat.TomcatWebServer  : Tomcat started on port(s): 40147 (http) with context path ''
2023-05-02T10:44:11.124-03:00  INFO 21372 --- [    Test worker] c.e.d.a.c.TransactionControllerTest      : Started TransactionControllerTest in 0.238 seconds (process running for 6.628)
2023-05-02T10:44:11.133-03:00  INFO 21372 --- [o-auto-4-exec-1] o.a.c.c.C.[Tomcat].[localhost].[/]       : Initializing Spring DispatcherServlet 'dispatcherServlet'
2023-05-02T10:44:11.133-03:00  INFO 21372 --- [o-auto-4-exec-1] o.s.web.servlet.DispatcherServlet        : Initializing Servlet 'dispatcherServlet'
2023-05-02T10:44:11.134-03:00  INFO 21372 --- [o-auto-4-exec-1] o.s.web.servlet.DispatcherServlet        : Completed initialization in 1 ms
]]></system-out>
  <system-err><![CDATA[]]></system-err>
</testsuite>
