<?xml version="1.0" encoding="UTF-8"?>
<testsuite name="com.example.demofinantial.infrastructure.repositories.WalletRepositoryTest" tests="5" skipped="0" failures="0" errors="0" timestamp="2023-05-02T13:44:16" hostname="ronan-System-Product-Name" time="2.88">
  <properties/>
  <testcase name="notFoundWalletTransaction()" classname="com.example.demofinantial.infrastructure.repositories.WalletRepositoryTest" time="0.471"/>
  <testcase name="topUpWalletTransaction()" classname="com.example.demofinantial.infrastructure.repositories.WalletRepositoryTest" time="0.745"/>
  <testcase name="malformedWalletTransaction()" classname="com.example.demofinantial.infrastructure.repositories.WalletRepositoryTest" time="0.474"/>
  <testcase name="withdrawWalletTransaction()" classname="com.example.demofinantial.infrastructure.repositories.WalletRepositoryTest" time="0.706"/>
  <testcase name="genericErrorWalletTransaction()" classname="com.example.demofinantial.infrastructure.repositories.WalletRepositoryTest" time="0.481"/>
  <system-out><![CDATA[2023-05-02T10:44:16.822-03:00  INFO 21372 --- [    Test worker] t.c.s.AnnotationConfigContextLoaderUtils : Could not detect default configuration classes for test class [com.example.demofinantial.infrastructure.repositories.WalletRepositoryTest]: WalletRepositoryTest does not declare any static, non-private, non-final, nested classes annotated with @Configuration.
2023-05-02T10:44:16.822-03:00  INFO 21372 --- [    Test worker] .b.t.c.SpringBootTestContextBootstrapper : Found @SpringBootConfiguration com.example.demofinantial.DemofinantialApplication for test class com.example.demofinantial.infrastructure.repositories.WalletRepositoryTest
2023-05-02T10:44:16.825-03:00  INFO 21372 --- [    Test worker] j.LocalContainerEntityManagerFactoryBean : Closing JPA EntityManagerFactory for persistence unit 'default'
2023-05-02T10:44:16.825-03:00  INFO 21372 --- [    Test worker] .SchemaDropperImpl$DelayedDropActionImpl : HHH000477: Starting delayed evictData of schema as part of SessionFactory shut-down'
2023-05-02T10:44:16.826-03:00  INFO 21372 --- [    Test worker] com.zaxxer.hikari.HikariDataSource       : HikariPool-14 - Shutdown initiated...
2023-05-02T10:44:16.826-03:00  INFO 21372 --- [    Test worker] com.zaxxer.hikari.HikariDataSource       : HikariPool-14 - Shutdown completed.

  .   ____          _            __ _ _
 /\\ / ___'_ __ _ _(_)_ __  __ _ \ \ \ \
( ( )\___ | '_ | '_| | '_ \/ _` | \ \ \ \
 \\/  ___)| |_)| | | | | || (_| |  ) ) ) )
  '  |____| .__|_| |_|_| |_\__, | / / / /
 =========|_|==============|___/=/_/_/_/
 :: Spring Boot ::                (v3.0.6)

2023-05-02T10:44:16.834-03:00  INFO 21372 --- [    Test worker] c.e.d.i.r.WalletRepositoryTest           : Starting WalletRepositoryTest using Java 17.0.6 with PID 21372 (started by ronan in /home/ronan/projects/personal/demofinantial)
2023-05-02T10:44:16.834-03:00  INFO 21372 --- [    Test worker] c.e.d.i.r.WalletRepositoryTest           : No active profile set, falling back to 1 default profile: "default"
2023-05-02T10:44:16.867-03:00  INFO 21372 --- [    Test worker] .s.d.r.c.RepositoryConfigurationDelegate : Bootstrapping Spring Data JPA repositories in DEFAULT mode.
2023-05-02T10:44:16.871-03:00  INFO 21372 --- [    Test worker] .s.d.r.c.RepositoryConfigurationDelegate : Finished Spring Data repository scanning in 4 ms. Found 3 JPA repository interfaces.
2023-05-02T10:44:16.890-03:00  INFO 21372 --- [    Test worker] o.hibernate.jpa.internal.util.LogHelper  : HHH000204: Processing PersistenceUnitInfo [name: default]
2023-05-02T10:44:16.892-03:00  INFO 21372 --- [    Test worker] com.zaxxer.hikari.HikariDataSource       : HikariPool-15 - Starting...
2023-05-02T10:44:16.893-03:00  INFO 21372 --- [    Test worker] com.zaxxer.hikari.pool.HikariPool        : HikariPool-15 - Added connection conn98: url=jdbc:h2:~/financial user=USER
2023-05-02T10:44:16.893-03:00  INFO 21372 --- [    Test worker] com.zaxxer.hikari.HikariDataSource       : HikariPool-15 - Start completed.
2023-05-02T10:44:16.893-03:00  INFO 21372 --- [    Test worker] SQL dialect                              : HHH000400: Using dialect: org.hibernate.dialect.H2Dialect
2023-05-02T10:44:16.909-03:00  INFO 21372 --- [    Test worker] o.h.e.t.j.p.i.JtaPlatformInitiator       : HHH000490: Using JtaPlatform implementation: [org.hibernate.engine.transaction.jta.platform.internal.NoJtaPlatform]
2023-05-02T10:44:16.909-03:00  INFO 21372 --- [    Test worker] j.LocalContainerEntityManagerFactoryBean : Initialized JPA EntityManagerFactory for persistence unit 'default'
2023-05-02T10:44:16.935-03:00  WARN 21372 --- [    Test worker] JpaBaseConfiguration$JpaWebConfiguration : spring.jpa.open-in-view is enabled by default. Therefore, database queries may be performed during view rendering. Explicitly configure spring.jpa.open-in-view to disable this warning
2023-05-02T10:44:16.957-03:00  INFO 21372 --- [    Test worker] o.s.b.a.h2.H2ConsoleAutoConfiguration    : H2 console available at '/h2'. Database available at 'jdbc:h2:~/financial'
2023-05-02T10:44:16.967-03:00  INFO 21372 --- [    Test worker] c.e.d.i.r.WalletRepositoryTest           : Started WalletRepositoryTest in 0.14 seconds (process running for 12.471)
2023-05-02T10:44:17.296-03:00  INFO 21372 --- [    Test worker] j.LocalContainerEntityManagerFactoryBean : Closing JPA EntityManagerFactory for persistence unit 'default'
2023-05-02T10:44:17.296-03:00  INFO 21372 --- [    Test worker] .SchemaDropperImpl$DelayedDropActionImpl : HHH000477: Starting delayed evictData of schema as part of SessionFactory shut-down'
2023-05-02T10:44:17.297-03:00  INFO 21372 --- [    Test worker] com.zaxxer.hikari.HikariDataSource       : HikariPool-15 - Shutdown initiated...
2023-05-02T10:44:17.298-03:00  INFO 21372 --- [    Test worker] com.zaxxer.hikari.HikariDataSource       : HikariPool-15 - Shutdown completed.

  .   ____          _            __ _ _
 /\\ / ___'_ __ _ _(_)_ __  __ _ \ \ \ \
( ( )\___ | '_ | '_| | '_ \/ _` | \ \ \ \
 \\/  ___)| |_)| | | | | || (_| |  ) ) ) )
  '  |____| .__|_| |_|_| |_\__, | / / / /
 =========|_|==============|___/=/_/_/_/
 :: Spring Boot ::                (v3.0.6)

2023-05-02T10:44:17.313-03:00  INFO 21372 --- [    Test worker] c.e.d.i.r.WalletRepositoryTest           : Starting WalletRepositoryTest using Java 17.0.6 with PID 21372 (started by ronan in /home/ronan/projects/personal/demofinantial)
2023-05-02T10:44:17.313-03:00  INFO 21372 --- [    Test worker] c.e.d.i.r.WalletRepositoryTest           : No active profile set, falling back to 1 default profile: "default"
2023-05-02T10:44:17.363-03:00  INFO 21372 --- [    Test worker] .s.d.r.c.RepositoryConfigurationDelegate : Bootstrapping Spring Data JPA repositories in DEFAULT mode.
2023-05-02T10:44:17.367-03:00  INFO 21372 --- [    Test worker] .s.d.r.c.RepositoryConfigurationDelegate : Finished Spring Data repository scanning in 3 ms. Found 3 JPA repository interfaces.
2023-05-02T10:44:17.391-03:00  INFO 21372 --- [    Test worker] o.hibernate.jpa.internal.util.LogHelper  : HHH000204: Processing PersistenceUnitInfo [name: default]
2023-05-02T10:44:17.394-03:00  INFO 21372 --- [    Test worker] com.zaxxer.hikari.HikariDataSource       : HikariPool-16 - Starting...
2023-05-02T10:44:17.394-03:00  INFO 21372 --- [    Test worker] com.zaxxer.hikari.pool.HikariPool        : HikariPool-16 - Added connection conn108: url=jdbc:h2:~/financial user=USER
2023-05-02T10:44:17.394-03:00  INFO 21372 --- [    Test worker] com.zaxxer.hikari.HikariDataSource       : HikariPool-16 - Start completed.
2023-05-02T10:44:17.394-03:00  INFO 21372 --- [    Test worker] SQL dialect                              : HHH000400: Using dialect: org.hibernate.dialect.H2Dialect
2023-05-02T10:44:17.410-03:00  INFO 21372 --- [    Test worker] o.h.e.t.j.p.i.JtaPlatformInitiator       : HHH000490: Using JtaPlatform implementation: [org.hibernate.engine.transaction.jta.platform.internal.NoJtaPlatform]
2023-05-02T10:44:17.410-03:00  INFO 21372 --- [    Test worker] j.LocalContainerEntityManagerFactoryBean : Initialized JPA EntityManagerFactory for persistence unit 'default'
2023-05-02T10:44:17.441-03:00  WARN 21372 --- [    Test worker] JpaBaseConfiguration$JpaWebConfiguration : spring.jpa.open-in-view is enabled by default. Therefore, database queries may be performed during view rendering. Explicitly configure spring.jpa.open-in-view to disable this warning
2023-05-02T10:44:17.474-03:00  INFO 21372 --- [    Test worker] o.s.b.a.h2.H2ConsoleAutoConfiguration    : H2 console available at '/h2'. Database available at 'jdbc:h2:~/financial'
2023-05-02T10:44:17.486-03:00  INFO 21372 --- [    Test worker] c.e.d.i.r.WalletRepositoryTest           : Started WalletRepositoryTest in 0.185 seconds (process running for 12.989)
2023-05-02T10:44:18.042-03:00  INFO 21372 --- [    Test worker] j.LocalContainerEntityManagerFactoryBean : Closing JPA EntityManagerFactory for persistence unit 'default'
2023-05-02T10:44:18.042-03:00  INFO 21372 --- [    Test worker] .SchemaDropperImpl$DelayedDropActionImpl : HHH000477: Starting delayed evictData of schema as part of SessionFactory shut-down'
2023-05-02T10:44:18.043-03:00  INFO 21372 --- [    Test worker] com.zaxxer.hikari.HikariDataSource       : HikariPool-16 - Shutdown initiated...
2023-05-02T10:44:18.044-03:00  INFO 21372 --- [    Test worker] com.zaxxer.hikari.HikariDataSource       : HikariPool-16 - Shutdown completed.

  .   ____          _            __ _ _
 /\\ / ___'_ __ _ _(_)_ __  __ _ \ \ \ \
( ( )\___ | '_ | '_| | '_ \/ _` | \ \ \ \
 \\/  ___)| |_)| | | | | || (_| |  ) ) ) )
  '  |____| .__|_| |_|_| |_\__, | / / / /
 =========|_|==============|___/=/_/_/_/
 :: Spring Boot ::                (v3.0.6)

2023-05-02T10:44:18.052-03:00  INFO 21372 --- [    Test worker] c.e.d.i.r.WalletRepositoryTest           : Starting WalletRepositoryTest using Java 17.0.6 with PID 21372 (started by ronan in /home/ronan/projects/personal/demofinantial)
2023-05-02T10:44:18.052-03:00  INFO 21372 --- [    Test worker] c.e.d.i.r.WalletRepositoryTest           : No active profile set, falling back to 1 default profile: "default"
2023-05-02T10:44:18.080-03:00  INFO 21372 --- [    Test worker] .s.d.r.c.RepositoryConfigurationDelegate : Bootstrapping Spring Data JPA repositories in DEFAULT mode.
2023-05-02T10:44:18.084-03:00  INFO 21372 --- [    Test worker] .s.d.r.c.RepositoryConfigurationDelegate : Finished Spring Data repository scanning in 3 ms. Found 3 JPA repository interfaces.
2023-05-02T10:44:18.102-03:00  INFO 21372 --- [    Test worker] o.hibernate.jpa.internal.util.LogHelper  : HHH000204: Processing PersistenceUnitInfo [name: default]
2023-05-02T10:44:18.104-03:00  INFO 21372 --- [    Test worker] com.zaxxer.hikari.HikariDataSource       : HikariPool-17 - Starting...
2023-05-02T10:44:18.105-03:00  INFO 21372 --- [    Test worker] com.zaxxer.hikari.pool.HikariPool        : HikariPool-17 - Added connection conn118: url=jdbc:h2:~/financial user=USER
2023-05-02T10:44:18.105-03:00  INFO 21372 --- [    Test worker] com.zaxxer.hikari.HikariDataSource       : HikariPool-17 - Start completed.
2023-05-02T10:44:18.105-03:00  INFO 21372 --- [    Test worker] SQL dialect                              : HHH000400: Using dialect: org.hibernate.dialect.H2Dialect
2023-05-02T10:44:18.120-03:00  INFO 21372 --- [    Test worker] o.h.e.t.j.p.i.JtaPlatformInitiator       : HHH000490: Using JtaPlatform implementation: [org.hibernate.engine.transaction.jta.platform.internal.NoJtaPlatform]
2023-05-02T10:44:18.120-03:00  INFO 21372 --- [    Test worker] j.LocalContainerEntityManagerFactoryBean : Initialized JPA EntityManagerFactory for persistence unit 'default'
2023-05-02T10:44:18.144-03:00  WARN 21372 --- [    Test worker] JpaBaseConfiguration$JpaWebConfiguration : spring.jpa.open-in-view is enabled by default. Therefore, database queries may be performed during view rendering. Explicitly configure spring.jpa.open-in-view to disable this warning
2023-05-02T10:44:18.167-03:00  INFO 21372 --- [    Test worker] o.s.b.a.h2.H2ConsoleAutoConfiguration    : H2 console available at '/h2'. Database available at 'jdbc:h2:~/financial'
2023-05-02T10:44:18.177-03:00  INFO 21372 --- [    Test worker] c.e.d.i.r.WalletRepositoryTest           : Started WalletRepositoryTest in 0.132 seconds (process running for 13.681)
2023-05-02T10:44:18.518-03:00  INFO 21372 --- [    Test worker] j.LocalContainerEntityManagerFactoryBean : Closing JPA EntityManagerFactory for persistence unit 'default'
2023-05-02T10:44:18.518-03:00  INFO 21372 --- [    Test worker] .SchemaDropperImpl$DelayedDropActionImpl : HHH000477: Starting delayed evictData of schema as part of SessionFactory shut-down'
2023-05-02T10:44:18.519-03:00  INFO 21372 --- [    Test worker] com.zaxxer.hikari.HikariDataSource       : HikariPool-17 - Shutdown initiated...
2023-05-02T10:44:18.520-03:00  INFO 21372 --- [    Test worker] com.zaxxer.hikari.HikariDataSource       : HikariPool-17 - Shutdown completed.

  .   ____          _            __ _ _
 /\\ / ___'_ __ _ _(_)_ __  __ _ \ \ \ \
( ( )\___ | '_ | '_| | '_ \/ _` | \ \ \ \
 \\/  ___)| |_)| | | | | || (_| |  ) ) ) )
  '  |____| .__|_| |_|_| |_\__, | / / / /
 =========|_|==============|___/=/_/_/_/
 :: Spring Boot ::                (v3.0.6)

2023-05-02T10:44:18.531-03:00  INFO 21372 --- [    Test worker] c.e.d.i.r.WalletRepositoryTest           : Starting WalletRepositoryTest using Java 17.0.6 with PID 21372 (started by ronan in /home/ronan/projects/personal/demofinantial)
2023-05-02T10:44:18.531-03:00  INFO 21372 --- [    Test worker] c.e.d.i.r.WalletRepositoryTest           : No active profile set, falling back to 1 default profile: "default"
2023-05-02T10:44:18.583-03:00  INFO 21372 --- [    Test worker] .s.d.r.c.RepositoryConfigurationDelegate : Bootstrapping Spring Data JPA repositories in DEFAULT mode.
2023-05-02T10:44:18.587-03:00  INFO 21372 --- [    Test worker] .s.d.r.c.RepositoryConfigurationDelegate : Finished Spring Data repository scanning in 4 ms. Found 3 JPA repository interfaces.
2023-05-02T10:44:18.604-03:00  INFO 21372 --- [    Test worker] o.hibernate.jpa.internal.util.LogHelper  : HHH000204: Processing PersistenceUnitInfo [name: default]
2023-05-02T10:44:18.606-03:00  INFO 21372 --- [    Test worker] com.zaxxer.hikari.HikariDataSource       : HikariPool-18 - Starting...
2023-05-02T10:44:18.607-03:00  INFO 21372 --- [    Test worker] com.zaxxer.hikari.pool.HikariPool        : HikariPool-18 - Added connection conn128: url=jdbc:h2:~/financial user=USER
2023-05-02T10:44:18.607-03:00  INFO 21372 --- [    Test worker] com.zaxxer.hikari.HikariDataSource       : HikariPool-18 - Start completed.
2023-05-02T10:44:18.607-03:00  INFO 21372 --- [    Test worker] SQL dialect                              : HHH000400: Using dialect: org.hibernate.dialect.H2Dialect
2023-05-02T10:44:18.621-03:00  INFO 21372 --- [    Test worker] o.h.e.t.j.p.i.JtaPlatformInitiator       : HHH000490: Using JtaPlatform implementation: [org.hibernate.engine.transaction.jta.platform.internal.NoJtaPlatform]
2023-05-02T10:44:18.621-03:00  INFO 21372 --- [    Test worker] j.LocalContainerEntityManagerFactoryBean : Initialized JPA EntityManagerFactory for persistence unit 'default'
2023-05-02T10:44:18.645-03:00  WARN 21372 --- [    Test worker] JpaBaseConfiguration$JpaWebConfiguration : spring.jpa.open-in-view is enabled by default. Therefore, database queries may be performed during view rendering. Explicitly configure spring.jpa.open-in-view to disable this warning
2023-05-02T10:44:18.672-03:00  INFO 21372 --- [    Test worker] o.s.b.a.h2.H2ConsoleAutoConfiguration    : H2 console available at '/h2'. Database available at 'jdbc:h2:~/financial'
2023-05-02T10:44:18.681-03:00  INFO 21372 --- [    Test worker] c.e.d.i.r.WalletRepositoryTest           : Started WalletRepositoryTest in 0.161 seconds (process running for 14.185)
2023-05-02T10:44:19.224-03:00  INFO 21372 --- [    Test worker] j.LocalContainerEntityManagerFactoryBean : Closing JPA EntityManagerFactory for persistence unit 'default'
2023-05-02T10:44:19.224-03:00  INFO 21372 --- [    Test worker] .SchemaDropperImpl$DelayedDropActionImpl : HHH000477: Starting delayed evictData of schema as part of SessionFactory shut-down'
2023-05-02T10:44:19.225-03:00  INFO 21372 --- [    Test worker] com.zaxxer.hikari.HikariDataSource       : HikariPool-18 - Shutdown initiated...
2023-05-02T10:44:19.226-03:00  INFO 21372 --- [    Test worker] com.zaxxer.hikari.HikariDataSource       : HikariPool-18 - Shutdown completed.

  .   ____          _            __ _ _
 /\\ / ___'_ __ _ _(_)_ __  __ _ \ \ \ \
( ( )\___ | '_ | '_| | '_ \/ _` | \ \ \ \
 \\/  ___)| |_)| | | | | || (_| |  ) ) ) )
  '  |____| .__|_| |_|_| |_\__, | / / / /
 =========|_|==============|___/=/_/_/_/
 :: Spring Boot ::                (v3.0.6)

2023-05-02T10:44:19.238-03:00  INFO 21372 --- [    Test worker] c.e.d.i.r.WalletRepositoryTest           : Starting WalletRepositoryTest using Java 17.0.6 with PID 21372 (started by ronan in /home/ronan/projects/personal/demofinantial)
2023-05-02T10:44:19.238-03:00  INFO 21372 --- [    Test worker] c.e.d.i.r.WalletRepositoryTest           : No active profile set, falling back to 1 default profile: "default"
2023-05-02T10:44:19.287-03:00  INFO 21372 --- [    Test worker] .s.d.r.c.RepositoryConfigurationDelegate : Bootstrapping Spring Data JPA repositories in DEFAULT mode.
2023-05-02T10:44:19.291-03:00  INFO 21372 --- [    Test worker] .s.d.r.c.RepositoryConfigurationDelegate : Finished Spring Data repository scanning in 3 ms. Found 3 JPA repository interfaces.
2023-05-02T10:44:19.309-03:00  INFO 21372 --- [    Test worker] o.hibernate.jpa.internal.util.LogHelper  : HHH000204: Processing PersistenceUnitInfo [name: default]
2023-05-02T10:44:19.311-03:00  INFO 21372 --- [    Test worker] com.zaxxer.hikari.HikariDataSource       : HikariPool-19 - Starting...
2023-05-02T10:44:19.311-03:00  INFO 21372 --- [    Test worker] com.zaxxer.hikari.pool.HikariPool        : HikariPool-19 - Added connection conn138: url=jdbc:h2:~/financial user=USER
2023-05-02T10:44:19.311-03:00  INFO 21372 --- [    Test worker] com.zaxxer.hikari.HikariDataSource       : HikariPool-19 - Start completed.
2023-05-02T10:44:19.312-03:00  INFO 21372 --- [    Test worker] SQL dialect                              : HHH000400: Using dialect: org.hibernate.dialect.H2Dialect
2023-05-02T10:44:19.327-03:00  INFO 21372 --- [    Test worker] o.h.e.t.j.p.i.JtaPlatformInitiator       : HHH000490: Using JtaPlatform implementation: [org.hibernate.engine.transaction.jta.platform.internal.NoJtaPlatform]
2023-05-02T10:44:19.327-03:00  INFO 21372 --- [    Test worker] j.LocalContainerEntityManagerFactoryBean : Initialized JPA EntityManagerFactory for persistence unit 'default'
2023-05-02T10:44:19.351-03:00  WARN 21372 --- [    Test worker] JpaBaseConfiguration$JpaWebConfiguration : spring.jpa.open-in-view is enabled by default. Therefore, database queries may be performed during view rendering. Explicitly configure spring.jpa.open-in-view to disable this warning
2023-05-02T10:44:19.374-03:00  INFO 21372 --- [    Test worker] o.s.b.a.h2.H2ConsoleAutoConfiguration    : H2 console available at '/h2'. Database available at 'jdbc:h2:~/financial'
2023-05-02T10:44:19.383-03:00  INFO 21372 --- [    Test worker] c.e.d.i.r.WalletRepositoryTest           : Started WalletRepositoryTest in 0.157 seconds (process running for 14.887)
]]></system-out>
  <system-err><![CDATA[]]></system-err>
</testsuite>
