<?xml version="1.0" encoding="UTF-8"?>
<testsuite name="com.example.demofinantial.infrastructure.repositories.PaymentRepositoryTest" tests="4" skipped="0" failures="0" errors="0" timestamp="2023-05-02T13:44:13" hostname="ronan-System-Product-Name" time="2.349">
  <properties/>
  <testcase name="malformedTransaction()" classname="com.example.demofinantial.infrastructure.repositories.PaymentRepositoryTest" time="0.581"/>
  <testcase name="createTransaction()" classname="com.example.demofinantial.infrastructure.repositories.PaymentRepositoryTest" time="0.706"/>
  <testcase name="failedTransaction()" classname="com.example.demofinantial.infrastructure.repositories.PaymentRepositoryTest" time="0.549"/>
  <testcase name="timeoutTransaction()" classname="com.example.demofinantial.infrastructure.repositories.PaymentRepositoryTest" time="0.512"/>
  <system-out><![CDATA[2023-05-02T10:44:13.596-03:00  INFO 21372 --- [    Test worker] t.c.s.AnnotationConfigContextLoaderUtils : Could not detect default configuration classes for test class [com.example.demofinantial.infrastructure.repositories.PaymentRepositoryTest]: PaymentRepositoryTest does not declare any static, non-private, non-final, nested classes annotated with @Configuration.
2023-05-02T10:44:13.597-03:00  INFO 21372 --- [    Test worker] .b.t.c.SpringBootTestContextBootstrapper : Found @SpringBootConfiguration com.example.demofinantial.DemofinantialApplication for test class com.example.demofinantial.infrastructure.repositories.PaymentRepositoryTest
2023-05-02T10:44:13.599-03:00  INFO 21372 --- [    Test worker] j.LocalContainerEntityManagerFactoryBean : Closing JPA EntityManagerFactory for persistence unit 'default'
2023-05-02T10:44:13.600-03:00  INFO 21372 --- [    Test worker] .SchemaDropperImpl$DelayedDropActionImpl : HHH000477: Starting delayed evictData of schema as part of SessionFactory shut-down'
2023-05-02T10:44:13.601-03:00  INFO 21372 --- [    Test worker] com.zaxxer.hikari.HikariDataSource       : HikariPool-5 - Shutdown initiated...
2023-05-02T10:44:13.602-03:00  INFO 21372 --- [    Test worker] com.zaxxer.hikari.HikariDataSource       : HikariPool-5 - Shutdown completed.

  .   ____          _            __ _ _
 /\\ / ___'_ __ _ _(_)_ __  __ _ \ \ \ \
( ( )\___ | '_ | '_| | '_ \/ _` | \ \ \ \
 \\/  ___)| |_)| | | | | || (_| |  ) ) ) )
  '  |____| .__|_| |_|_| |_\__, | / / / /
 =========|_|==============|___/=/_/_/_/
 :: Spring Boot ::                (v3.0.6)

2023-05-02T10:44:13.621-03:00  INFO 21372 --- [    Test worker] c.e.d.i.r.PaymentRepositoryTest          : Starting PaymentRepositoryTest using Java 17.0.6 with PID 21372 (started by ronan in /home/ronan/projects/personal/demofinantial)
2023-05-02T10:44:13.622-03:00  INFO 21372 --- [    Test worker] c.e.d.i.r.PaymentRepositoryTest          : No active profile set, falling back to 1 default profile: "default"
2023-05-02T10:44:13.686-03:00  INFO 21372 --- [    Test worker] .s.d.r.c.RepositoryConfigurationDelegate : Bootstrapping Spring Data JPA repositories in DEFAULT mode.
2023-05-02T10:44:13.691-03:00  INFO 21372 --- [    Test worker] .s.d.r.c.RepositoryConfigurationDelegate : Finished Spring Data repository scanning in 5 ms. Found 3 JPA repository interfaces.
2023-05-02T10:44:13.717-03:00  INFO 21372 --- [    Test worker] o.hibernate.jpa.internal.util.LogHelper  : HHH000204: Processing PersistenceUnitInfo [name: default]
2023-05-02T10:44:13.719-03:00  INFO 21372 --- [    Test worker] com.zaxxer.hikari.HikariDataSource       : HikariPool-6 - Starting...
2023-05-02T10:44:13.720-03:00  INFO 21372 --- [    Test worker] com.zaxxer.hikari.pool.HikariPool        : HikariPool-6 - Added connection conn50: url=jdbc:h2:~/financial user=USER
2023-05-02T10:44:13.720-03:00  INFO 21372 --- [    Test worker] com.zaxxer.hikari.HikariDataSource       : HikariPool-6 - Start completed.
2023-05-02T10:44:13.720-03:00  INFO 21372 --- [    Test worker] SQL dialect                              : HHH000400: Using dialect: org.hibernate.dialect.H2Dialect
2023-05-02T10:44:13.743-03:00  INFO 21372 --- [    Test worker] o.h.e.t.j.p.i.JtaPlatformInitiator       : HHH000490: Using JtaPlatform implementation: [org.hibernate.engine.transaction.jta.platform.internal.NoJtaPlatform]
2023-05-02T10:44:13.743-03:00  INFO 21372 --- [    Test worker] j.LocalContainerEntityManagerFactoryBean : Initialized JPA EntityManagerFactory for persistence unit 'default'
2023-05-02T10:44:13.777-03:00  WARN 21372 --- [    Test worker] JpaBaseConfiguration$JpaWebConfiguration : spring.jpa.open-in-view is enabled by default. Therefore, database queries may be performed during view rendering. Explicitly configure spring.jpa.open-in-view to disable this warning
2023-05-02T10:44:13.804-03:00  INFO 21372 --- [    Test worker] o.s.b.a.h2.H2ConsoleAutoConfiguration    : H2 console available at '/h2'. Database available at 'jdbc:h2:~/financial'
2023-05-02T10:44:13.816-03:00  INFO 21372 --- [    Test worker] c.e.d.i.r.PaymentRepositoryTest          : Started PaymentRepositoryTest in 0.212 seconds (process running for 9.319)
null
2023-05-02T10:44:14.180-03:00  INFO 21372 --- [    Test worker] j.LocalContainerEntityManagerFactoryBean : Closing JPA EntityManagerFactory for persistence unit 'default'
2023-05-02T10:44:14.180-03:00  INFO 21372 --- [    Test worker] .SchemaDropperImpl$DelayedDropActionImpl : HHH000477: Starting delayed evictData of schema as part of SessionFactory shut-down'
2023-05-02T10:44:14.181-03:00  INFO 21372 --- [    Test worker] com.zaxxer.hikari.HikariDataSource       : HikariPool-6 - Shutdown initiated...
2023-05-02T10:44:14.182-03:00  INFO 21372 --- [    Test worker] com.zaxxer.hikari.HikariDataSource       : HikariPool-6 - Shutdown completed.

  .   ____          _            __ _ _
 /\\ / ___'_ __ _ _(_)_ __  __ _ \ \ \ \
( ( )\___ | '_ | '_| | '_ \/ _` | \ \ \ \
 \\/  ___)| |_)| | | | | || (_| |  ) ) ) )
  '  |____| .__|_| |_|_| |_\__, | / / / /
 =========|_|==============|___/=/_/_/_/
 :: Spring Boot ::                (v3.0.6)

2023-05-02T10:44:14.191-03:00  INFO 21372 --- [    Test worker] c.e.d.i.r.PaymentRepositoryTest          : Starting PaymentRepositoryTest using Java 17.0.6 with PID 21372 (started by ronan in /home/ronan/projects/personal/demofinantial)
2023-05-02T10:44:14.191-03:00  INFO 21372 --- [    Test worker] c.e.d.i.r.PaymentRepositoryTest          : No active profile set, falling back to 1 default profile: "default"
2023-05-02T10:44:14.230-03:00  INFO 21372 --- [    Test worker] .s.d.r.c.RepositoryConfigurationDelegate : Bootstrapping Spring Data JPA repositories in DEFAULT mode.
2023-05-02T10:44:14.235-03:00  INFO 21372 --- [    Test worker] .s.d.r.c.RepositoryConfigurationDelegate : Finished Spring Data repository scanning in 4 ms. Found 3 JPA repository interfaces.
2023-05-02T10:44:14.258-03:00  INFO 21372 --- [    Test worker] o.hibernate.jpa.internal.util.LogHelper  : HHH000204: Processing PersistenceUnitInfo [name: default]
2023-05-02T10:44:14.261-03:00  INFO 21372 --- [    Test worker] com.zaxxer.hikari.HikariDataSource       : HikariPool-7 - Starting...
2023-05-02T10:44:14.261-03:00  INFO 21372 --- [    Test worker] com.zaxxer.hikari.pool.HikariPool        : HikariPool-7 - Added connection conn60: url=jdbc:h2:~/financial user=USER
2023-05-02T10:44:14.261-03:00  INFO 21372 --- [    Test worker] com.zaxxer.hikari.HikariDataSource       : HikariPool-7 - Start completed.
2023-05-02T10:44:14.262-03:00  INFO 21372 --- [    Test worker] SQL dialect                              : HHH000400: Using dialect: org.hibernate.dialect.H2Dialect
2023-05-02T10:44:14.285-03:00  INFO 21372 --- [    Test worker] o.h.e.t.j.p.i.JtaPlatformInitiator       : HHH000490: Using JtaPlatform implementation: [org.hibernate.engine.transaction.jta.platform.internal.NoJtaPlatform]
2023-05-02T10:44:14.285-03:00  INFO 21372 --- [    Test worker] j.LocalContainerEntityManagerFactoryBean : Initialized JPA EntityManagerFactory for persistence unit 'default'
2023-05-02T10:44:14.318-03:00  WARN 21372 --- [    Test worker] JpaBaseConfiguration$JpaWebConfiguration : spring.jpa.open-in-view is enabled by default. Therefore, database queries may be performed during view rendering. Explicitly configure spring.jpa.open-in-view to disable this warning
2023-05-02T10:44:14.349-03:00  INFO 21372 --- [    Test worker] o.s.b.a.h2.H2ConsoleAutoConfiguration    : H2 console available at '/h2'. Database available at 'jdbc:h2:~/financial'
2023-05-02T10:44:14.362-03:00  INFO 21372 --- [    Test worker] c.e.d.i.r.PaymentRepositoryTest          : Started PaymentRepositoryTest in 0.179 seconds (process running for 9.866)
2023-05-02T10:44:14.886-03:00  INFO 21372 --- [    Test worker] j.LocalContainerEntityManagerFactoryBean : Closing JPA EntityManagerFactory for persistence unit 'default'
2023-05-02T10:44:14.886-03:00  INFO 21372 --- [    Test worker] .SchemaDropperImpl$DelayedDropActionImpl : HHH000477: Starting delayed evictData of schema as part of SessionFactory shut-down'
2023-05-02T10:44:14.887-03:00  INFO 21372 --- [    Test worker] com.zaxxer.hikari.HikariDataSource       : HikariPool-7 - Shutdown initiated...
2023-05-02T10:44:14.888-03:00  INFO 21372 --- [    Test worker] com.zaxxer.hikari.HikariDataSource       : HikariPool-7 - Shutdown completed.

  .   ____          _            __ _ _
 /\\ / ___'_ __ _ _(_)_ __  __ _ \ \ \ \
( ( )\___ | '_ | '_| | '_ \/ _` | \ \ \ \
 \\/  ___)| |_)| | | | | || (_| |  ) ) ) )
  '  |____| .__|_| |_|_| |_\__, | / / / /
 =========|_|==============|___/=/_/_/_/
 :: Spring Boot ::                (v3.0.6)

2023-05-02T10:44:14.899-03:00  INFO 21372 --- [    Test worker] c.e.d.i.r.PaymentRepositoryTest          : Starting PaymentRepositoryTest using Java 17.0.6 with PID 21372 (started by ronan in /home/ronan/projects/personal/demofinantial)
2023-05-02T10:44:14.899-03:00  INFO 21372 --- [    Test worker] c.e.d.i.r.PaymentRepositoryTest          : No active profile set, falling back to 1 default profile: "default"
2023-05-02T10:44:14.938-03:00  INFO 21372 --- [    Test worker] .s.d.r.c.RepositoryConfigurationDelegate : Bootstrapping Spring Data JPA repositories in DEFAULT mode.
2023-05-02T10:44:14.943-03:00  INFO 21372 --- [    Test worker] .s.d.r.c.RepositoryConfigurationDelegate : Finished Spring Data repository scanning in 4 ms. Found 3 JPA repository interfaces.
2023-05-02T10:44:14.969-03:00  INFO 21372 --- [    Test worker] o.hibernate.jpa.internal.util.LogHelper  : HHH000204: Processing PersistenceUnitInfo [name: default]
2023-05-02T10:44:14.971-03:00  INFO 21372 --- [    Test worker] com.zaxxer.hikari.HikariDataSource       : HikariPool-8 - Starting...
2023-05-02T10:44:14.972-03:00  INFO 21372 --- [    Test worker] com.zaxxer.hikari.pool.HikariPool        : HikariPool-8 - Added connection conn70: url=jdbc:h2:~/financial user=USER
2023-05-02T10:44:14.972-03:00  INFO 21372 --- [    Test worker] com.zaxxer.hikari.HikariDataSource       : HikariPool-8 - Start completed.
2023-05-02T10:44:14.972-03:00  INFO 21372 --- [    Test worker] SQL dialect                              : HHH000400: Using dialect: org.hibernate.dialect.H2Dialect
2023-05-02T10:44:14.995-03:00  INFO 21372 --- [    Test worker] o.h.e.t.j.p.i.JtaPlatformInitiator       : HHH000490: Using JtaPlatform implementation: [org.hibernate.engine.transaction.jta.platform.internal.NoJtaPlatform]
2023-05-02T10:44:14.995-03:00  INFO 21372 --- [    Test worker] j.LocalContainerEntityManagerFactoryBean : Initialized JPA EntityManagerFactory for persistence unit 'default'
2023-05-02T10:44:15.030-03:00  WARN 21372 --- [    Test worker] JpaBaseConfiguration$JpaWebConfiguration : spring.jpa.open-in-view is enabled by default. Therefore, database queries may be performed during view rendering. Explicitly configure spring.jpa.open-in-view to disable this warning
2023-05-02T10:44:15.060-03:00  INFO 21372 --- [    Test worker] o.s.b.a.h2.H2ConsoleAutoConfiguration    : H2 console available at '/h2'. Database available at 'jdbc:h2:~/financial'
2023-05-02T10:44:15.072-03:00  INFO 21372 --- [    Test worker] c.e.d.i.r.PaymentRepositoryTest          : Started PaymentRepositoryTest in 0.183 seconds (process running for 10.576)
2023-05-02T10:44:15.436-03:00  INFO 21372 --- [    Test worker] j.LocalContainerEntityManagerFactoryBean : Closing JPA EntityManagerFactory for persistence unit 'default'
2023-05-02T10:44:15.436-03:00  INFO 21372 --- [    Test worker] .SchemaDropperImpl$DelayedDropActionImpl : HHH000477: Starting delayed evictData of schema as part of SessionFactory shut-down'
2023-05-02T10:44:15.437-03:00  INFO 21372 --- [    Test worker] com.zaxxer.hikari.HikariDataSource       : HikariPool-8 - Shutdown initiated...
2023-05-02T10:44:15.438-03:00  INFO 21372 --- [    Test worker] com.zaxxer.hikari.HikariDataSource       : HikariPool-8 - Shutdown completed.

  .   ____          _            __ _ _
 /\\ / ___'_ __ _ _(_)_ __  __ _ \ \ \ \
( ( )\___ | '_ | '_| | '_ \/ _` | \ \ \ \
 \\/  ___)| |_)| | | | | || (_| |  ) ) ) )
  '  |____| .__|_| |_|_| |_\__, | / / / /
 =========|_|==============|___/=/_/_/_/
 :: Spring Boot ::                (v3.0.6)

2023-05-02T10:44:15.446-03:00  INFO 21372 --- [    Test worker] c.e.d.i.r.PaymentRepositoryTest          : Starting PaymentRepositoryTest using Java 17.0.6 with PID 21372 (started by ronan in /home/ronan/projects/personal/demofinantial)
2023-05-02T10:44:15.446-03:00  INFO 21372 --- [    Test worker] c.e.d.i.r.PaymentRepositoryTest          : No active profile set, falling back to 1 default profile: "default"
2023-05-02T10:44:15.482-03:00  INFO 21372 --- [    Test worker] .s.d.r.c.RepositoryConfigurationDelegate : Bootstrapping Spring Data JPA repositories in DEFAULT mode.
2023-05-02T10:44:15.487-03:00  INFO 21372 --- [    Test worker] .s.d.r.c.RepositoryConfigurationDelegate : Finished Spring Data repository scanning in 4 ms. Found 3 JPA repository interfaces.
2023-05-02T10:44:15.510-03:00  INFO 21372 --- [    Test worker] o.hibernate.jpa.internal.util.LogHelper  : HHH000204: Processing PersistenceUnitInfo [name: default]
2023-05-02T10:44:15.512-03:00  INFO 21372 --- [    Test worker] com.zaxxer.hikari.HikariDataSource       : HikariPool-9 - Starting...
2023-05-02T10:44:15.512-03:00  INFO 21372 --- [    Test worker] com.zaxxer.hikari.pool.HikariPool        : HikariPool-9 - Added connection conn80: url=jdbc:h2:~/financial user=USER
2023-05-02T10:44:15.512-03:00  INFO 21372 --- [    Test worker] com.zaxxer.hikari.HikariDataSource       : HikariPool-9 - Start completed.
2023-05-02T10:44:15.512-03:00  INFO 21372 --- [    Test worker] SQL dialect                              : HHH000400: Using dialect: org.hibernate.dialect.H2Dialect
2023-05-02T10:44:15.533-03:00  INFO 21372 --- [    Test worker] o.h.e.t.j.p.i.JtaPlatformInitiator       : HHH000490: Using JtaPlatform implementation: [org.hibernate.engine.transaction.jta.platform.internal.NoJtaPlatform]
2023-05-02T10:44:15.533-03:00  INFO 21372 --- [    Test worker] j.LocalContainerEntityManagerFactoryBean : Initialized JPA EntityManagerFactory for persistence unit 'default'
2023-05-02T10:44:15.564-03:00  WARN 21372 --- [    Test worker] JpaBaseConfiguration$JpaWebConfiguration : spring.jpa.open-in-view is enabled by default. Therefore, database queries may be performed during view rendering. Explicitly configure spring.jpa.open-in-view to disable this warning
2023-05-02T10:44:15.591-03:00  INFO 21372 --- [    Test worker] o.s.b.a.h2.H2ConsoleAutoConfiguration    : H2 console available at '/h2'. Database available at 'jdbc:h2:~/financial'
2023-05-02T10:44:15.604-03:00  INFO 21372 --- [    Test worker] c.e.d.i.r.PaymentRepositoryTest          : Started PaymentRepositoryTest in 0.165 seconds (process running for 11.107)
]]></system-out>
  <system-err><![CDATA[]]></system-err>
</testsuite>
